2024-10-25 19:15:44,945 [INFO] Activator:177 - 


2024-10-25 19:15:44,945 [INFO] Activator:178 - !SESSION log4j initialized
2024-10-25 19:16:02,328 [INFO] Activator:177 - 


2024-10-25 19:16:02,328 [INFO] Activator:178 - !SESSION log4j initialized
2024-10-25 19:16:05,940 [INFO] McuFinderGlobals:39 - Set McuFinder mode to 2 (CubeIDE integrated)
2024-10-25 19:16:06,799 [INFO] ApplicationProperties:181 - Using Application install path: C:\ST\STM32CubeIDE_1.7.0\STM32CubeIDE\plugins\com.st.stm32cube.common.mx_6.3.0.202107141111
2024-10-25 19:16:06,799 [INFO] DbMcusXml:74 - Set database path to: C:\ST\STM32CubeIDE_1.7.0\STM32CubeIDE\plugins\com.st.stm32cube.common.mx_6.3.0.202107141111\\db\/mcu/
2024-10-25 19:16:06,799 [INFO] DbBoardsPdsc:56 - Set plugin database path to: C:\ST\STM32CubeIDE_1.7.0\STM32CubeIDE\plugins\com.st.stm32cube.common.mx_6.3.0.202107141111\\db\/plugins/boardmanager/
2024-10-25 19:16:06,799 [INFO] DbMcus:258 - Set plugin images path to: C:\ST\STM32CubeIDE_1.7.0\STM32CubeIDE\plugins\com.st.stm32cube.common.mx_6.3.0.202107141111\\db\/plugins/mcufinder/images/
2024-10-25 19:16:06,799 [INFO] DbBoards:264 - Set plugin images path to: C:\ST\STM32CubeIDE_1.7.0\STM32CubeIDE\plugins\com.st.stm32cube.common.mx_6.3.0.202107141111\\db\/plugins/mcufinder/images/
2024-10-25 19:16:06,814 [INFO] DbExamples:333 - Set plugin images path to: C:\ST\STM32CubeIDE_1.7.0\STM32CubeIDE\plugins\com.st.stm32cube.common.mx_6.3.0.202107141111\\db\/plugins/mcufinder/images/
2024-10-25 19:16:06,814 [INFO] DbMcusAds:119 - Set database path to: C:\Users\Admin\.stmcufinder\plugins\mcufinder//mcu/
2024-10-25 19:16:06,814 [INFO] DbMcusDocs:110 - Set database path to: C:\Users\Admin\.stmcufinder\plugins\mcufinder//mcu/
2024-10-25 19:16:06,830 [INFO] DbMcusJson:64 - Set database path to: C:\Users\Admin\.stmcufinder\plugins\mcufinder//mcu/
2024-10-25 19:16:06,830 [INFO] DbBoardsDocs:110 - Set database path to: C:\Users\Admin\.stmcufinder\plugins\mcufinder//mcu/
2024-10-25 19:16:06,830 [INFO] DbBoardsJson:57 - Set database path to: C:\Users\Admin\.stmcufinder\plugins\mcufinder//mcu/
2024-10-25 19:16:07,580 [INFO] CrossReferenceDbSqlite:196 - Set database path to: C:\Users\Admin\.stmcufinder\plugins\mcufinder//mcu/cs/
2024-10-25 19:16:07,580 [INFO] DbExamplesSqlite:767 - Set database path to: C:\Users\Admin\.stmcufinder\plugins\mcufinder//mcu/
2024-10-25 19:16:07,658 [INFO] RulesReader:57 - Compatibility file has been processed (242 Rules)
2024-10-25 19:16:07,721 [INFO] DbMcusXml:74 - Set database path to: C:\ST\STM32CubeIDE_1.7.0\STM32CubeIDE\plugins\com.st.stm32cube.common.mx_6.3.0.202107141111\\db\/mcu/
2024-10-25 19:16:07,721 [INFO] DbBoardsPdsc:56 - Set plugin database path to: C:\ST\STM32CubeIDE_1.7.0\STM32CubeIDE\plugins\com.st.stm32cube.common.mx_6.3.0.202107141111\\db\/plugins/boardmanager/
2024-10-25 19:16:07,721 [INFO] DbMcus:258 - Set plugin images path to: C:\ST\STM32CubeIDE_1.7.0\STM32CubeIDE\plugins\com.st.stm32cube.common.mx_6.3.0.202107141111\\db\/plugins/mcufinder/images/
2024-10-25 19:16:07,721 [INFO] DbBoards:264 - Set plugin images path to: C:\ST\STM32CubeIDE_1.7.0\STM32CubeIDE\plugins\com.st.stm32cube.common.mx_6.3.0.202107141111\\db\/plugins/mcufinder/images/
2024-10-25 19:16:07,721 [INFO] DbExamples:333 - Set plugin images path to: C:\ST\STM32CubeIDE_1.7.0\STM32CubeIDE\plugins\com.st.stm32cube.common.mx_6.3.0.202107141111\\db\/plugins/mcufinder/images/
2024-10-25 19:16:07,721 [WARN] DbFile:35 - Overriding database path with different value: C:\Users\Admin\.stmcufinder\plugins\mcufinder/ => C:\Users\Admin\.stmcufinder\plugins\mcufinder
2024-10-25 19:16:07,721 [INFO] DbMcusAds:119 - Set database path to: C:\Users\Admin\.stmcufinder\plugins\mcufinder//mcu/
2024-10-25 19:16:07,721 [WARN] DbFile:35 - Overriding database path with different value: C:\Users\Admin\.stmcufinder\plugins\mcufinder/ => C:\Users\Admin\.stmcufinder\plugins\mcufinder
2024-10-25 19:16:07,721 [INFO] DbMcusDocs:110 - Set database path to: C:\Users\Admin\.stmcufinder\plugins\mcufinder//mcu/
2024-10-25 19:16:07,721 [WARN] DbFile:35 - Overriding database path with different value: C:\Users\Admin\.stmcufinder\plugins\mcufinder/ => C:\Users\Admin\.stmcufinder\plugins\mcufinder
2024-10-25 19:16:07,721 [INFO] DbMcusJson:64 - Set database path to: C:\Users\Admin\.stmcufinder\plugins\mcufinder//mcu/
2024-10-25 19:16:07,721 [WARN] DbFile:35 - Overriding database path with different value: C:\Users\Admin\.stmcufinder\plugins\mcufinder/ => C:\Users\Admin\.stmcufinder\plugins\mcufinder
2024-10-25 19:16:07,721 [INFO] DbBoardsDocs:110 - Set database path to: C:\Users\Admin\.stmcufinder\plugins\mcufinder//mcu/
2024-10-25 19:16:07,721 [WARN] DbFile:35 - Overriding database path with different value: C:\Users\Admin\.stmcufinder\plugins\mcufinder/ => C:\Users\Admin\.stmcufinder\plugins\mcufinder
2024-10-25 19:16:07,721 [INFO] DbBoardsJson:57 - Set database path to: C:\Users\Admin\.stmcufinder\plugins\mcufinder//mcu/
2024-10-25 19:16:07,721 [WARN] DbFile:35 - Overriding database path with different value: C:\Users\Admin\.stmcufinder\plugins\mcufinder/ => C:\Users\Admin\.stmcufinder\plugins\mcufinder
2024-10-25 19:16:07,721 [WARN] DbFile:35 - Overriding database path with different value: C:\Users\Admin\.stmcufinder\plugins\mcufinder/ => C:\Users\Admin\.stmcufinder\plugins\mcufinder
2024-10-25 19:16:08,581 [INFO] CrossReferenceDbSqlite:196 - Set database path to: C:\Users\Admin\.stmcufinder\plugins\mcufinder//mcu/cs/
2024-10-25 19:16:08,581 [WARN] DbFile:35 - Overriding database path with different value: C:\Users\Admin\.stmcufinder\plugins\mcufinder/ => C:\Users\Admin\.stmcufinder\plugins\mcufinder
2024-10-25 19:16:08,581 [INFO] DbExamplesSqlite:767 - Set database path to: C:\Users\Admin\.stmcufinder\plugins\mcufinder//mcu/
2024-10-25 19:16:08,659 [INFO] MainPanel:214 - HeapMemory: 300941312
2024-10-25 19:16:08,721 [INFO] DbMcusXml:74 - Set database path to: C:\ST\STM32CubeIDE_1.7.0\STM32CubeIDE\plugins\com.st.stm32cube.common.mx_6.3.0.202107141111\\db\/mcu/
2024-10-25 19:16:08,721 [INFO] DbBoardsPdsc:56 - Set plugin database path to: C:\ST\STM32CubeIDE_1.7.0\STM32CubeIDE\plugins\com.st.stm32cube.common.mx_6.3.0.202107141111\\db\/plugins/boardmanager/
2024-10-25 19:16:08,721 [INFO] DbMcus:258 - Set plugin images path to: C:\ST\STM32CubeIDE_1.7.0\STM32CubeIDE\plugins\com.st.stm32cube.common.mx_6.3.0.202107141111\\db\/plugins/mcufinder/images/
2024-10-25 19:16:08,721 [INFO] DbBoards:264 - Set plugin images path to: C:\ST\STM32CubeIDE_1.7.0\STM32CubeIDE\plugins\com.st.stm32cube.common.mx_6.3.0.202107141111\\db\/plugins/mcufinder/images/
2024-10-25 19:16:08,721 [INFO] DbExamples:333 - Set plugin images path to: C:\ST\STM32CubeIDE_1.7.0\STM32CubeIDE\plugins\com.st.stm32cube.common.mx_6.3.0.202107141111\\db\/plugins/mcufinder/images/
2024-10-25 19:16:08,721 [WARN] DbFile:35 - Overriding database path with different value: C:\Users\Admin\.stmcufinder\plugins\mcufinder/ => C:\Users\Admin\.stmcufinder\plugins\mcufinder
2024-10-25 19:16:08,721 [INFO] DbMcusAds:119 - Set database path to: C:\Users\Admin\.stmcufinder\plugins\mcufinder//mcu/
2024-10-25 19:16:08,721 [WARN] DbFile:35 - Overriding database path with different value: C:\Users\Admin\.stmcufinder\plugins\mcufinder/ => C:\Users\Admin\.stmcufinder\plugins\mcufinder
2024-10-25 19:16:08,721 [INFO] DbMcusDocs:110 - Set database path to: C:\Users\Admin\.stmcufinder\plugins\mcufinder//mcu/
2024-10-25 19:16:08,721 [WARN] DbFile:35 - Overriding database path with different value: C:\Users\Admin\.stmcufinder\plugins\mcufinder/ => C:\Users\Admin\.stmcufinder\plugins\mcufinder
2024-10-25 19:16:08,721 [INFO] DbMcusJson:64 - Set database path to: C:\Users\Admin\.stmcufinder\plugins\mcufinder//mcu/
2024-10-25 19:16:08,721 [WARN] DbFile:35 - Overriding database path with different value: C:\Users\Admin\.stmcufinder\plugins\mcufinder/ => C:\Users\Admin\.stmcufinder\plugins\mcufinder
2024-10-25 19:16:08,721 [INFO] DbBoardsDocs:110 - Set database path to: C:\Users\Admin\.stmcufinder\plugins\mcufinder//mcu/
2024-10-25 19:16:08,721 [WARN] DbFile:35 - Overriding database path with different value: C:\Users\Admin\.stmcufinder\plugins\mcufinder/ => C:\Users\Admin\.stmcufinder\plugins\mcufinder
2024-10-25 19:16:08,721 [INFO] DbBoardsJson:57 - Set database path to: C:\Users\Admin\.stmcufinder\plugins\mcufinder//mcu/
2024-10-25 19:16:08,721 [WARN] DbFile:35 - Overriding database path with different value: C:\Users\Admin\.stmcufinder\plugins\mcufinder/ => C:\Users\Admin\.stmcufinder\plugins\mcufinder
2024-10-25 19:16:08,721 [WARN] DbFile:35 - Overriding database path with different value: C:\Users\Admin\.stmcufinder\plugins\mcufinder/ => C:\Users\Admin\.stmcufinder\plugins\mcufinder
2024-10-25 19:16:09,581 [INFO] CrossReferenceDbSqlite:196 - Set database path to: C:\Users\Admin\.stmcufinder\plugins\mcufinder//mcu/cs/
2024-10-25 19:16:09,581 [WARN] DbFile:35 - Overriding database path with different value: C:\Users\Admin\.stmcufinder\plugins\mcufinder/ => C:\Users\Admin\.stmcufinder\plugins\mcufinder
2024-10-25 19:16:09,581 [INFO] DbExamplesSqlite:767 - Set database path to: C:\Users\Admin\.stmcufinder\plugins\mcufinder//mcu/
2024-10-25 19:16:09,596 [INFO] ApplicationProperties:181 - Using Application install path: C:\ST\STM32CubeIDE_1.7.0\STM32CubeIDE\plugins\com.st.stm32cube.common.mx_6.3.0.202107141111
2024-10-25 19:16:09,612 [INFO] PluginManage:188 - Search for loadable plugins [exclusion list=, ]
2024-10-25 19:16:09,612 [INFO] PluginManage:302 - Check plugin analytics
2024-10-25 19:16:15,141 [INFO] AnalyticsPlugin:257 - Accepted Software Licenses: STM32CubeMX.6.12.1
2024-10-25 19:16:15,141 [INFO] AnalyticsPlugin:259 - Accepted CMSIS Pack Licenses: 
2024-10-25 19:16:15,141 [INFO] AnalyticsPlugin:261 - Accepted Firmware Licenses: 
2024-10-25 19:16:15,141 [INFO] PluginManage:352 - Loaded plugin analytics (category:tool,tabindex:-1)
2024-10-25 19:16:15,141 [INFO] PluginManage:302 - Check plugin clock
2024-10-25 19:16:15,157 [INFO] PluginManage:352 - Loaded plugin clock (category:base,tabindex:2)
2024-10-25 19:16:15,157 [INFO] PluginManage:302 - Check plugin ddr
2024-10-25 19:16:15,157 [INFO] PluginManage:352 - Loaded plugin ddr (category:tool,tabindex:6)
2024-10-25 19:16:15,157 [INFO] PluginManage:302 - Check plugin filemanager
2024-10-25 19:16:15,252 [INFO] PluginManage:352 - Loaded plugin filemanager (category:base,tabindex:10)
2024-10-25 19:16:15,252 [INFO] PluginManage:302 - Check plugin ipmanager
2024-10-25 19:16:15,252 [INFO] PluginManage:352 - Loaded plugin ipmanager (category:base,tabindex:5)
2024-10-25 19:16:15,252 [INFO] PluginManage:302 - Check plugin pinoutandconfiguration
2024-10-25 19:16:15,267 [INFO] PluginManage:352 - Loaded plugin pinoutandconfiguration (category:base,tabindex:1)
2024-10-25 19:16:15,267 [INFO] PluginManage:302 - Check plugin pinoutconfig
2024-10-25 19:16:15,299 [INFO] PluginManage:352 - Loaded plugin pinoutconfig (category:base,tabindex:0)
2024-10-25 19:16:15,299 [INFO] PluginManage:302 - Check plugin power
2024-10-25 19:16:15,327 [INFO] PluginManage:352 - Loaded plugin power (category:power,tabindex:4)
2024-10-25 19:16:15,327 [INFO] PluginManage:302 - Check plugin projectmanager
2024-10-25 19:16:15,343 [INFO] PluginManage:352 - Loaded plugin projectmanager (category:projectmanager,tabindex:3)
2024-10-25 19:16:15,343 [INFO] PluginManage:302 - Check plugin thirdparty
2024-10-25 19:16:15,543 [WARN] IntegrityCheckThread:78 - waiting for thirdparty lock release [integrity check]
2024-10-25 19:16:15,543 [INFO] PluginManage:352 - Loaded plugin thirdparty (category:base,tabindex:-1)
2024-10-25 19:16:15,543 [INFO] PluginManage:302 - Check plugin tools
2024-10-25 19:16:15,543 [INFO] IntegrityCheckThread:80 - entering critical section [integrity check]
2024-10-25 19:16:15,543 [INFO] ThirdPartyUpdaterWithRetryManager:66 - Updater plugin not ready yet. [1/15]
2024-10-25 19:16:15,599 [INFO] PluginManage:352 - Loaded plugin tools (category:base,tabindex:7)
2024-10-25 19:16:15,599 [INFO] PluginManage:302 - Check plugin tutovideos
2024-10-25 19:16:15,793 [INFO] PluginManage:352 - Loaded plugin tutovideos (category:base,tabindex:-1)
2024-10-25 19:16:15,793 [INFO] PluginManage:302 - Check plugin updater
2024-10-25 19:16:15,810 [INFO] PluginManage:352 - Loaded plugin updater (category:base,tabindex:12)
2024-10-25 19:16:15,810 [INFO] PluginManage:275 - PluginManage : Loaded plugins [13]
2024-10-25 19:16:15,963 [INFO] PinOutPanel:1463 - setPackage(No Configuration,No Configuration)
2024-10-25 19:16:16,042 [INFO] IPUIPlugin:74 - create IPUIPlugin
2024-10-25 19:16:16,042 [INFO] PluginManager:213 - loadIPPluginJar : add adc
2024-10-25 19:16:16,073 [INFO] IPUIPlugin:74 - create IPUIPlugin
2024-10-25 19:16:16,073 [INFO] PluginManager:213 - loadIPPluginJar : add aes
2024-10-25 19:16:16,121 [INFO] IPUIPlugin:74 - create IPUIPlugin
2024-10-25 19:16:16,121 [INFO] PluginManager:213 - loadIPPluginJar : add can
2024-10-25 19:16:16,137 [INFO] IPUIPlugin:74 - create IPUIPlugin
2024-10-25 19:16:16,137 [INFO] PluginManager:213 - loadIPPluginJar : add comp
2024-10-25 19:16:16,169 [INFO] IPUIPlugin:74 - create IPUIPlugin
2024-10-25 19:16:16,169 [INFO] PluginManager:213 - loadIPPluginJar : add cryp
2024-10-25 19:16:16,200 [INFO] IPUIPlugin:74 - create IPUIPlugin
2024-10-25 19:16:16,200 [INFO] PluginManager:213 - loadIPPluginJar : add dfsdm
2024-10-25 19:16:16,232 [INFO] IPUIPlugin:74 - create IPUIPlugin
2024-10-25 19:16:16,232 [INFO] PluginManager:213 - loadIPPluginJar : add dma
2024-10-25 19:16:16,279 [INFO] IPUIPlugin:74 - create IPUIPlugin
2024-10-25 19:16:16,279 [INFO] PluginManager:213 - loadIPPluginJar : add dma3
2024-10-25 19:16:16,295 [INFO] IPUIPlugin:74 - create IPUIPlugin
2024-10-25 19:16:16,295 [INFO] PluginManager:213 - loadIPPluginJar : add fatfs
2024-10-25 19:16:16,342 [INFO] IPUIPlugin:74 - create IPUIPlugin
2024-10-25 19:16:16,342 [INFO] PluginManager:213 - loadIPPluginJar : add fmc
2024-10-25 19:16:16,360 [INFO] IPUIPlugin:74 - create IPUIPlugin
2024-10-25 19:16:16,360 [INFO] PluginManager:213 - loadIPPluginJar : add freertos
2024-10-25 19:16:16,390 [INFO] IPUIPlugin:74 - create IPUIPlugin
2024-10-25 19:16:16,390 [INFO] PluginManager:213 - loadIPPluginJar : add genericplugin
2024-10-25 19:16:16,460 [INFO] IPUIPlugin:74 - create IPUIPlugin
2024-10-25 19:16:16,468 [INFO] PluginManager:213 - loadIPPluginJar : add gfxmmu
2024-10-25 19:16:16,564 [INFO] IPUIPlugin:74 - create IPUIPlugin
2024-10-25 19:16:16,564 [INFO] PluginManager:213 - loadIPPluginJar : add gic
2024-10-25 19:16:16,578 [INFO] IPUIPlugin:74 - create IPUIPlugin
2024-10-25 19:16:16,578 [INFO] PluginManager:213 - loadIPPluginJar : add gpio
2024-10-25 19:16:16,672 [INFO] IPUIPlugin:74 - create IPUIPlugin
2024-10-25 19:16:16,672 [INFO] PluginManager:213 - loadIPPluginJar : add gtzc
2024-10-25 19:16:16,703 [INFO] IPUIPlugin:74 - create IPUIPlugin
2024-10-25 19:16:16,703 [INFO] PluginManager:213 - loadIPPluginJar : add hash
2024-10-25 19:16:16,751 [INFO] IPUIPlugin:74 - create IPUIPlugin
2024-10-25 19:16:16,751 [INFO] PluginManager:213 - loadIPPluginJar : add i2c
2024-10-25 19:16:16,803 [INFO] IPUIPlugin:74 - create IPUIPlugin
2024-10-25 19:16:16,803 [INFO] PluginManager:213 - loadIPPluginJar : add i2s
2024-10-25 19:16:16,813 [INFO] IPUIPlugin:74 - create IPUIPlugin
2024-10-25 19:16:16,813 [INFO] PluginManager:213 - loadIPPluginJar : add ipddr
2024-10-25 19:16:16,892 [INFO] IPUIPlugin:74 - create IPUIPlugin
2024-10-25 19:16:16,892 [INFO] PluginManager:213 - loadIPPluginJar : add linkedlist
2024-10-25 19:16:16,923 [INFO] IPUIPlugin:74 - create IPUIPlugin
2024-10-25 19:16:16,923 [INFO] PluginManager:213 - loadIPPluginJar : add lorawan
2024-10-25 19:16:16,970 [INFO] IPUIPlugin:74 - create IPUIPlugin
2024-10-25 19:16:16,970 [INFO] PluginManager:213 - loadIPPluginJar : add ltdc
2024-10-25 19:16:16,970 [INFO] IPUIPlugin:74 - create IPUIPlugin
2024-10-25 19:16:16,970 [INFO] PluginManager:213 - loadIPPluginJar : add mdma
2024-10-25 19:16:16,986 [INFO] IPUIPlugin:74 - create IPUIPlugin
2024-10-25 19:16:16,986 [INFO] PluginManager:213 - loadIPPluginJar : add nvic
2024-10-25 19:16:17,034 [INFO] IPUIPlugin:74 - create IPUIPlugin
2024-10-25 19:16:17,034 [INFO] PluginManager:213 - loadIPPluginJar : add opamp
2024-10-25 19:16:17,082 [INFO] IPUIPlugin:74 - create IPUIPlugin
2024-10-25 19:16:17,082 [INFO] PluginManager:213 - loadIPPluginJar : add openamp
2024-10-25 19:16:17,129 [INFO] IPUIPlugin:74 - create IPUIPlugin
2024-10-25 19:16:17,129 [INFO] PluginManager:213 - loadIPPluginJar : add pdm2pcm
2024-10-25 19:16:17,161 [INFO] IPUIPlugin:74 - create IPUIPlugin
2024-10-25 19:16:17,161 [INFO] PluginManager:213 - loadIPPluginJar : add plateformsettings
2024-10-25 19:16:17,177 [INFO] IPUIPlugin:74 - create IPUIPlugin
2024-10-25 19:16:17,177 [INFO] PluginManager:213 - loadIPPluginJar : add quadspi
2024-10-25 19:16:17,193 [INFO] IPUIPlugin:74 - create IPUIPlugin
2024-10-25 19:16:17,193 [INFO] PluginManager:213 - loadIPPluginJar : add resmgrutility
2024-10-25 19:16:17,243 [INFO] IPUIPlugin:74 - create IPUIPlugin
2024-10-25 19:16:17,243 [INFO] PluginManager:213 - loadIPPluginJar : add sai
2024-10-25 19:16:17,287 [INFO] IPUIPlugin:74 - create IPUIPlugin
2024-10-25 19:16:17,287 [INFO] PluginManager:213 - loadIPPluginJar : add spi
2024-10-25 19:16:17,334 [INFO] IPUIPlugin:74 - create IPUIPlugin
2024-10-25 19:16:17,334 [INFO] PluginManager:213 - loadIPPluginJar : add stm32_wpan
2024-10-25 19:16:17,366 [INFO] IPUIPlugin:74 - create IPUIPlugin
2024-10-25 19:16:17,366 [INFO] PluginManager:213 - loadIPPluginJar : add tim
2024-10-25 19:16:17,428 [INFO] IPUIPlugin:74 - create IPUIPlugin
2024-10-25 19:16:17,428 [INFO] PluginManager:213 - loadIPPluginJar : add touchsensing
2024-10-25 19:16:17,444 [INFO] IPUIPlugin:74 - create IPUIPlugin
2024-10-25 19:16:17,444 [INFO] PluginManager:213 - loadIPPluginJar : add tracer_emb
2024-10-25 19:16:17,477 [INFO] IPUIPlugin:74 - create IPUIPlugin
2024-10-25 19:16:17,477 [INFO] PluginManager:213 - loadIPPluginJar : add ts
2024-10-25 19:16:17,507 [INFO] IPUIPlugin:74 - create IPUIPlugin
2024-10-25 19:16:17,507 [INFO] PluginManager:213 - loadIPPluginJar : add tsc
2024-10-25 19:16:17,538 [INFO] IPUIPlugin:74 - create IPUIPlugin
2024-10-25 19:16:17,538 [INFO] PluginManager:213 - loadIPPluginJar : add ucpd
2024-10-25 19:16:17,585 [INFO] IPUIPlugin:74 - create IPUIPlugin
2024-10-25 19:16:17,585 [INFO] PluginManager:213 - loadIPPluginJar : add usart
2024-10-25 19:16:17,632 [INFO] IPUIPlugin:74 - create IPUIPlugin
2024-10-25 19:16:17,632 [INFO] PluginManager:213 - loadIPPluginJar : add usbx
2024-10-25 19:16:17,882 [FATAL] Updater:294 - Updater called before beeing initialized
2024-10-25 19:16:17,961 [FATAL] Updater:294 - Updater called before beeing initialized
2024-10-25 19:16:17,961 [INFO] DbMcusAds:47 - JSON generation date=Fri Sep 20 20:04:38 ICT 2024 (1726837478367)
2024-10-25 19:16:17,961 [FATAL] Updater:294 - Updater called before beeing initialized
2024-10-25 19:16:17,993 [WARN] DetailPanel:314 - Failed to get advertising image, set to default
2024-10-25 19:16:18,057 [FATAL] Updater:294 - Updater called before beeing initialized
2024-10-25 19:16:18,057 [FATAL] Updater:294 - Updater called before beeing initialized
2024-10-25 19:16:18,057 [FATAL] Updater:294 - Updater called before beeing initialized
2024-10-25 19:16:18,057 [WARN] DetailPanel:314 - Failed to get advertising image, set to default
2024-10-25 19:16:18,057 [FATAL] Updater:294 - Updater called before beeing initialized
2024-10-25 19:16:18,104 [ERROR] Updater:1075 - MainUpdater not yet initialized. External WinMGr cannot be set.
2024-10-25 19:16:18,104 [INFO] Updater:1012 - Updater Version found : 6.3.0
2024-10-25 19:16:18,120 [INFO] ApplicationProperties:181 - Using Application install path: C:\ST\STM32CubeIDE_1.7.0\STM32CubeIDE\plugins\com.st.stm32cube.common.mx_6.3.0.202107141111
2024-10-25 19:16:18,550 [INFO] ThirdPartyUpdaterWithRetryManager:66 - Updater plugin not ready yet. [2/15]
2024-10-25 19:16:18,567 [INFO] MainUpdater:2671 - connection check result : 10
2024-10-25 19:16:18,567 [INFO] MainUpdater:265 - Updater Check For Update Now.
2024-10-25 19:16:18,567 [INFO] MicroXplorer:478 - Change Database Version : DB.6.0.30
2024-10-25 19:16:18,755 [INFO] CheckServerUpdateThread:112 - End of CheckServer Thread
2024-10-25 19:16:18,817 [INFO] MainUpdater:2671 - connection check result : 10
2024-10-25 19:16:19,148 [INFO] McuFinderGlobals:52 - Set McuFinderConnectedMode to false
2024-10-25 19:16:19,228 [INFO] CrossSelectorPresenter:1330 - Cross Selector saved comparison directory: C:\Users\Admin\.stmcufinder\plugins\mcufinder\mcu\cs_comparisons_mx
2024-10-25 19:16:19,228 [INFO] MultiScanPanel:197 - Auto-refresh data requested => check proxy status ongoing
2024-10-25 19:16:19,228 [INFO] MultiScanPanel:201 - Proxy status is invalid
2024-10-25 19:16:19,228 [INFO] FinderPluginLoader:87 - Searching for filters in installed packs
2024-10-25 19:16:19,243 [INFO] DbMcusXml:100 - Load MCU database from C:\ST\STM32CubeIDE_1.7.0\STM32CubeIDE\plugins\com.st.stm32cube.common.mx_6.3.0.202107141111\\db\/mcu/families.xml
2024-10-25 19:16:19,875 [INFO] DbMcusJson:93 - JSON generation date=Tue Nov 16 23:17:54 ICT 2021 (1637079474)
2024-10-25 19:16:20,411 [INFO] DbMcus:175 - Found 1951 MCUs (1903 are supported by CubeMX, 1914 are visible in CubeMX)
2024-10-25 19:16:20,411 [INFO] ApiDb:251 - Load user favorites file C:\Users\Admin/.stm32cubeide/favorites.mcus.txt: 0 item(s)
2024-10-25 19:16:20,411 [INFO] ApiDb:255 - User favorites MCUs=[]
2024-10-25 19:16:20,411 [INFO] DbMcus:187 - Set 0 / 0 favorites MCUs
2024-10-25 19:16:20,962 [INFO] DetailPanel:309 - Set advertising image to C:/Users/Admin/STM32Cube/Repository/\en.prom-stm32c071-usb-memories-mcu-finder.png
2024-10-25 19:16:21,371 [INFO] DbBoardsPdsc:90 - Found 25 items
2024-10-25 19:16:21,388 [INFO] DbBoardsPdsc:90 - Found 9 items
2024-10-25 19:16:21,388 [INFO] DbBoardsPdsc:90 - Found 33 items
2024-10-25 19:16:21,403 [INFO] DbBoardsPdsc:90 - Found 1 items
2024-10-25 19:16:21,403 [INFO] DbBoardsPdsc:90 - Found 48 items
2024-10-25 19:16:21,420 [INFO] DbBoardsPdsc:90 - Found 43 items
2024-10-25 19:16:21,435 [INFO] DbBoardsPdsc:90 - Found 2 items
2024-10-25 19:16:21,444 [INFO] DbBoardsPdsc:90 - Found 5 items
2024-10-25 19:16:21,444 [WARN] DbBoardsPdsc:254 - Board STM32H7B3I-DK: unknown feature type=Audio, name=, username=Audio stereo codec with Headphone Amp (CS42L51-CNZ), n=1
2024-10-25 19:16:21,444 [WARN] DbBoardsPdsc:254 - Board STM32H735G-DK: unknown feature type=Audio, name=, username=Audio stereo codec with Headphone Amp (WM8994ECS/R), n=1
2024-10-25 19:16:21,444 [WARN] DbBoardsPdsc:254 - Board STM32H7B3I-EVAL: unknown feature type=Audio, name=, username=Multi-Channel Audio Codec (CS42L51-CNZ), n=1
2024-10-25 19:16:21,444 [WARN] DbBoardsPdsc:254 - Board STM32H7B3I-EVAL: unknown feature type=Meter, name=, username=Power-metering and Temperature-monitoring with sigma-delta modulators, n=1
2024-10-25 19:16:21,444 [WARN] DbBoardsPdsc:254 - Board STM32H7B3I-EVAL: unknown feature type=Motor, name=, username=Motor Control, n=1
2024-10-25 19:16:21,444 [WARN] DbBoardsPdsc:254 - Board STM32U575I-EV: unknown feature type=joystick, name=, username=4-direction joystick with selection button, n=1
2024-10-25 19:16:21,469 [INFO] DbBoardsJson:86 - JSON generation date=Tue Nov 16 23:17:54 ICT 2021 (1637079474)
2024-10-25 19:16:21,469 [INFO] DbBoards:117 - Found 167 boards (163 are supported by CubeMX)
2024-10-25 19:16:21,482 [INFO] DbBoardsDocs:143 - JSON generation date=Tue Nov 16 23:17:54 ICT 2021 (1637079474)
2024-10-25 19:16:21,482 [INFO] DbBoardsDocs:79 - Found 209 boards documents
2024-10-25 19:16:21,482 [WARN] DbBoards:127 - board B-L475E-IOT01A2 has no document id list !
2024-10-25 19:16:21,482 [WARN] DbBoards:127 - board NUCLEO-H743ZI has no document id list !
2024-10-25 19:16:21,482 [WARN] DbBoards:127 - board NUCLEO-WL55JC2 has no document id list !
2024-10-25 19:16:21,482 [WARN] DbBoards:127 - board P-NUCLEO-WB55-Nucleo has no document id list !
2024-10-25 19:16:21,482 [WARN] DbBoards:127 - board P-NUCLEO-WB55-USBDongle has no document id list !
2024-10-25 19:16:21,482 [WARN] DbBoards:127 - board STEVAL-BFA001V1B has no document id list !
2024-10-25 19:16:21,482 [WARN] DbBoards:127 - board STEVAL-BFA001V2B has no document id list !
2024-10-25 19:16:21,482 [WARN] DbBoards:127 - board STEVAL-IDP005V1 has no document id list !
2024-10-25 19:16:21,482 [WARN] DbBoards:127 - board STEVAL-IDP005V2 has no document id list !
2024-10-25 19:16:21,482 [WARN] DbBoards:127 - board STEVAL-MKSBOX1V1 has no document id list !
2024-10-25 19:16:21,482 [WARN] DbBoards:127 - board STEVAL-STWINKT1 has no document id list !
2024-10-25 19:16:21,482 [WARN] DbBoards:127 - board STEVAL-STWINKT1B has no document id list !
2024-10-25 19:16:21,482 [WARN] DbBoards:127 - board STM32439I-EVAL2 has no document id list !
2024-10-25 19:16:21,482 [WARN] DbBoards:127 - board STM32F401C-DISCO has no document id list !
2024-10-25 19:16:21,482 [WARN] DbBoards:127 - board STM32F769I-DISC1 has no document id list !
2024-10-25 19:16:21,482 [WARN] DbBoards:127 - board STM32G474E-EVAL1 has no document id list !
2024-10-25 19:16:21,482 [WARN] DbBoards:127 - board STM32H743I-EVAL2 has no document id list !
2024-10-25 19:16:21,482 [WARN] DbBoards:127 - board STM32H747I-DISC1 has no document id list !
2024-10-25 19:16:21,482 [WARN] DbBoards:127 - board STM32H753I-EVAL2 has no document id list !
2024-10-25 19:16:21,482 [WARN] DbBoards:127 - board STM32L-DISCOVERY has no document id list !
2024-10-25 19:16:21,576 [ERROR] DbBoards:189 - Image file not found for board B-U585I-IOT02A: C:\ST\STM32CubeIDE_1.7.0\STM32CubeIDE\plugins\com.st.stm32cube.common.mx_6.3.0.202107141111\\db\/plugins/mcufinder/images/boards/B-U585I-IOT02A_small.jpg
2024-10-25 19:16:21,640 [ERROR] DbBoards:189 - Image file not found for board NUCLEO-F413ZH: C:\ST\STM32CubeIDE_1.7.0\STM32CubeIDE\plugins\com.st.stm32cube.common.mx_6.3.0.202107141111\\db\/plugins/mcufinder/images/boards/nucleo-f413zh_small.jpg
2024-10-25 19:16:21,644 [ERROR] Engine:463 - C:\Users\Admin\.stm32cubemx\thirdparties\pdsc\STMicroelectronics.X-CUBE-SMBUS.2.1.0.pdsc: PDSC version is not supported
2024-10-25 19:16:21,687 [WARN] PackLoader:238 - Cannot read IP mode file for STMicroelectronics.X-CUBE-WB05N.1.1.0
2024-10-25 19:16:21,719 [WARN] PackLoader:238 - Cannot read IP mode file for STMicroelectronics.X-CUBE-AZRTOS-F7.1.1.0
2024-10-25 19:16:21,766 [WARN] PackLoader:238 - Cannot read IP mode file for STMicroelectronics.X-CUBE-MEMS1.11.0.0
2024-10-25 19:16:21,782 [ERROR] DbBoards:189 - Image file not found for board NUCLEO-L552ZE-Q: C:\ST\STM32CubeIDE_1.7.0\STM32CubeIDE\plugins\com.st.stm32cube.common.mx_6.3.0.202107141111\\db\/plugins/mcufinder/images/boards/nucleo_l552ze_q_small.jpg
2024-10-25 19:16:21,782 [ERROR] DbBoards:189 - Image file not found for board NUCLEO-U575ZI-Q: C:\ST\STM32CubeIDE_1.7.0\STM32CubeIDE\plugins\com.st.stm32cube.common.mx_6.3.0.202107141111\\db\/plugins/mcufinder/images/boards/nucleo-u575zi-q_small.jpg
2024-10-25 19:16:21,782 [ERROR] DbBoards:189 - Image file not found for board NUCLEO-WB15CC: C:\ST\STM32CubeIDE_1.7.0\STM32CubeIDE\plugins\com.st.stm32cube.common.mx_6.3.0.202107141111\\db\/plugins/mcufinder/images/boards/nucleo-wb15cc_small.jpg
2024-10-25 19:16:21,782 [ERROR] DbBoards:189 - Image file not found for board NUCLEO-WB55RG: C:\ST\STM32CubeIDE_1.7.0\STM32CubeIDE\plugins\com.st.stm32cube.common.mx_6.3.0.202107141111\\db\/plugins/mcufinder/images/boards/nucleo-wb55rg_small.jpg
2024-10-25 19:16:21,893 [WARN] PackLoader:238 - Cannot read IP mode file for STMicroelectronics.X-CUBE-NFC10.1.0.0
2024-10-25 19:16:21,909 [ERROR] Engine:463 - C:\Users\Admin\.stm32cubemx\thirdparties\pdsc\emotas.I-CUBE-CANOPEN.1.3.0.pdsc: PDSC version is not supported
2024-10-25 19:16:21,924 [INFO] LogOutputStream:76 - [STDOUT_REDIRECT] 1 : Invalid condition id : UX_CORESTACK_Condition cause : null
2024-10-25 19:16:21,924 [INFO] LogOutputStream:76 - [STDOUT_REDIRECT] 1 : Invalid condition id : UX_CORESTACK_Condition cause : null
2024-10-25 19:16:21,924 [INFO] LogOutputStream:76 - [STDOUT_REDIRECT] 1 : Invalid condition id : UX_CORESTACK_Condition cause : null
2024-10-25 19:16:21,924 [INFO] LogOutputStream:76 - [STDOUT_REDIRECT] 1 : Invalid condition id : UX_CORESTACK_Condition cause : null
2024-10-25 19:16:21,924 [INFO] LogOutputStream:76 - [STDOUT_REDIRECT] 1 : Invalid condition id : UX_CORESTACK_Condition cause : null
2024-10-25 19:16:21,924 [WARN] PackLoader:238 - Cannot read IP mode file for STMicroelectronics.X-CUBE-AZRTOS-WL.2.0.0
2024-10-25 19:16:21,924 [WARN] PackLoader:238 - Cannot read IP mode file for wolfSSL.I-CUBE-wolfMQTT.1.19.0
2024-10-25 19:16:21,940 [WARN] PackLoader:238 - Cannot read IP mode file for WES.I-CUBE-Cesium.1.3.0
2024-10-25 19:16:21,956 [WARN] PackLoader:238 - Cannot read IP mode file for STMicroelectronics.X-CUBE-NFC9.1.0.0
2024-10-25 19:16:21,956 [ERROR] Engine:463 - C:\Users\Admin\.stm32cubemx\thirdparties\pdsc\STMicroelectronics.X-CUBE-TCPP.4.1.0.pdsc: PDSC version is not supported
2024-10-25 19:16:21,988 [WARN] PackLoader:238 - Cannot read IP mode file for STMicroelectronics.X-CUBE-AZRTOS-G0.1.1.0
2024-10-25 19:16:22,004 [WARN] PackLoader:238 - Cannot read IP mode file for STMicroelectronics.X-CUBE-SAFEA1.1.2.2
2024-10-25 19:16:22,019 [WARN] PackLoader:238 - Cannot read IP mode file for STMicroelectronics.X-CUBE-NFC4.3.0.0
2024-10-25 19:16:22,019 [ERROR] Engine:463 - C:\Users\Admin\.stm32cubemx\thirdparties\pdsc\EmbeddedOffice.I-CUBE-FS-RTOS.1.0.1.pdsc: PDSC version is not supported
2024-10-25 19:16:22,035 [ERROR] Engine:463 - C:\Users\Admin\.stm32cubemx\thirdparties\pdsc\RealThread.X-CUBE-RT-Thread_Nano.4.1.1.pdsc: PDSC version is not supported
2024-10-25 19:16:22,035 [WARN] PackLoader:238 - Cannot read IP mode file for wolfSSL.I-CUBE-wolfSSL.5.7.2
2024-10-25 19:16:22,051 [ERROR] Engine:463 - C:\Users\Admin\.stm32cubemx\thirdparties\pdsc\ITTIA_DB.I-CUBE-ITTIADB.8.9.0.pdsc: PDSC version is not supported
2024-10-25 19:16:22,083 [WARN] PackLoader:238 - Cannot read IP mode file for SEGGER.I-CUBE-embOS.1.3.1
2024-10-25 19:16:22,130 [WARN] PackLoader:238 - Cannot read IP mode file for STMicroelectronics.X-CUBE-ALGOBUILD.1.4.0
2024-10-25 19:16:22,130 [WARN] PackLoader:238 - Cannot read IP mode file for STMicroelectronics.X-CUBE-AI.9.1.0
2024-10-25 19:16:22,146 [WARN] PackLoader:238 - Cannot read IP mode file for STMicroelectronics.X-CUBE-GNSS1.6.0.0
2024-10-25 19:16:22,162 [WARN] PackLoader:238 - Cannot read IP mode file for STMicroelectronics.X-CUBE-AZRTOS-F4.1.1.0
2024-10-25 19:16:22,193 [WARN] PackLoader:238 - Cannot read IP mode file for STMicroelectronics.X-CUBE-ISPU.2.1.0
2024-10-25 19:16:22,209 [WARN] PackLoader:238 - Cannot read IP mode file for STMicroelectronics.X-CUBE-AZRTOS-L5.2.0.0
2024-10-25 19:16:22,225 [WARN] PackLoader:238 - Cannot read IP mode file for STMicroelectronics.X-CUBE-NFC6.3.1.0
2024-10-25 19:16:22,241 [ERROR] Engine:463 - C:\Users\Admin\.stm32cubemx\thirdparties\pdsc\STMicroelectronics.X-CUBE-DPower.1.2.0.pdsc: PDSC version is not supported
2024-10-25 19:16:22,241 [WARN] PackLoader:238 - Cannot read IP mode file for STMicroelectronics.X-CUBE-AI.9.0.0
2024-10-25 19:16:22,257 [WARN] PackLoader:238 - Cannot read IP mode file for STMicroelectronics.X-CUBE-NFC7.1.0.1
2024-10-25 19:16:22,289 [WARN] ConditionMgr:437 - getConditionDescription Invalid condition id : LAN8742 Phy interface Condition cause : null
2024-10-25 19:16:22,289 [WARN] PackLoader:238 - Cannot read IP mode file for STMicroelectronics.X-CUBE-AZRTOS-L4.2.0.0
2024-10-25 19:16:22,289 [WARN] ConditionMgr:1038 - genDependencies : Invalid condition id : LAN8742 Phy interface Condition cause : null
2024-10-25 19:16:22,289 [WARN] ConditionMgr:1038 - genDependencies : Invalid condition id : LAN8742 Phy interface Condition cause : null
2024-10-25 19:16:22,289 [WARN] ConditionMgr:1038 - genDependencies : Invalid condition id : LAN8742 Phy interface Condition cause : null
2024-10-25 19:16:22,289 [WARN] PackLoader:238 - Cannot read IP mode file for STMicroelectronics.X-CUBE-SFXS2LP1.4.0.0
2024-10-25 19:16:22,320 [WARN] PackLoader:238 - Cannot read IP mode file for STMicroelectronics.X-CUBE-AZRTOS-H7.3.3.0
2024-10-25 19:16:22,336 [ERROR] Engine:463 - C:\Users\Admin\.stm32cubemx\thirdparties\pdsc\STMicroelectronics.X-CUBE-IPS.3.0.0.pdsc: PDSC version is not supported
2024-10-25 19:16:22,352 [WARN] ConditionMgr:437 - getConditionDescription Invalid condition id : UX DEVICE CLASS RTOS Condition cause : null
2024-10-25 19:16:22,352 [WARN] ConditionMgr:437 - getConditionDescription Invalid condition id : UX DEVICE CLASS RTOS Condition cause : null
2024-10-25 19:16:22,352 [WARN] PackLoader:238 - Cannot read IP mode file for STMicroelectronics.X-CUBE-AZRTOS-WB.2.0.0
2024-10-25 19:16:22,352 [WARN] ConditionMgr:1038 - genDependencies : Invalid condition id : UX DEVICE CLASS RTOS Condition cause : null
2024-10-25 19:16:22,352 [WARN] ConditionMgr:1038 - genDependencies : Invalid condition id : UX DEVICE CLASS RTOS Condition cause : null
2024-10-25 19:16:22,352 [WARN] ConditionMgr:1038 - genDependencies : Invalid condition id : UX DEVICE CLASS RTOS Condition cause : null
2024-10-25 19:16:22,352 [WARN] ConditionMgr:1038 - genDependencies : Invalid condition id : UX DEVICE CLASS RTOS Condition cause : null
2024-10-25 19:16:22,352 [WARN] ConditionMgr:1038 - genDependencies : Invalid condition id : UX DEVICE CLASS RTOS Condition cause : null
2024-10-25 19:16:22,368 [WARN] PackLoader:238 - Cannot read IP mode file for STMicroelectronics.X-CUBE-GNSS1.7.0.0
2024-10-25 19:16:22,368 [ERROR] Engine:463 - C:\Users\Admin\.stm32cubemx\thirdparties\pdsc\STMicroelectronics.FP-SNS-STBOX1.2.0.0.pdsc: PDSC version is not supported
2024-10-25 19:16:22,383 [WARN] PackLoader:238 - Cannot read IP mode file for STMicroelectronics.X-CUBE-SUBG2.5.0.0
2024-10-25 19:16:22,399 [ERROR] Engine:463 - C:\Users\Admin\.stm32cubemx\thirdparties\pdsc\Cesanta.I-CUBE-Mongoose.7.13.0.pdsc: PDSC version is not supported
2024-10-25 19:16:22,415 [WARN] PackLoader:238 - Cannot read IP mode file for STMicroelectronics.X-CUBE-AZRTOS-G4.2.0.0
2024-10-25 19:16:22,431 [WARN] PackLoader:238 - Cannot read IP mode file for STMicroelectronics.X-CUBE-ISPU.2.0.0
2024-10-25 19:16:22,478 [WARN] PackLoader:238 - Cannot read IP mode file for STMicroelectronics.X-CUBE-MEMS1.10.0.0
2024-10-25 19:16:22,621 [WARN] PackLoader:238 - Cannot read IP mode file for STMicroelectronics.X-CUBE-TOUCHGFX.4.24.0
2024-10-25 19:16:22,637 [WARN] PackLoader:238 - Cannot read IP mode file for STMicroelectronics.X-CUBE-TOUCHGFX.4.24.1
2024-10-25 19:16:22,652 [WARN] PackLoader:238 - Cannot read IP mode file for wolfSSL.I-CUBE-wolfTPM.3.4.0
2024-10-25 19:16:22,793 [INFO] ApiDb:251 - Load user favorites file C:\Users\Admin/.stm32cubeide/favorites.boards.txt: 0 item(s)
2024-10-25 19:16:22,793 [INFO] ApiDb:255 - User favorites Boards=[]
2024-10-25 19:16:22,809 [INFO] DbBoards:206 - Set 0 / 0 favorites Boards
2024-10-25 19:16:22,809 [WARN] PackLoader:238 - Cannot read IP mode file for portGmbH.I-Cube-SoM-uGOAL.1.1.0
2024-10-25 19:16:22,840 [WARN] PackLoader:238 - Cannot read IP mode file for STMicroelectronics.X-CUBE-AZRTOS-H7RS.1.0.0
2024-10-25 19:16:22,855 [ERROR] Engine:463 - C:\Users\Admin\.stm32cubemx\thirdparties\pdsc\STMicroelectronics.X-CUBE-TOF1.3.4.2.pdsc: PDSC version is not supported
2024-10-25 19:16:22,871 [ERROR] Engine:463 - C:\Users\Admin\.stm32cubemx\thirdparties\pdsc\Infineon.AIROC-Wi-Fi-Bluetooth-STM32.1.6.1.pdsc: PDSC version is not supported
2024-10-25 19:16:22,887 [WARN] PackLoader:238 - Cannot read IP mode file for wolfSSL.I-CUBE-wolfSSH.1.4.17
2024-10-25 19:16:22,887 [INFO] ThirdParty:915 - Integrity check success = true
2024-10-25 19:16:22,887 [INFO] IntegrityCheckThread:94 - exiting critical section [integrity check]
2024-10-25 19:16:22,887 [INFO] IntegrityCheckThread:97 - End integrity checks thread
2024-10-25 19:16:25,258 [INFO] McuFinderGlobals:52 - Set McuFinderConnectedMode to true
2024-10-25 19:16:25,258 [INFO] ApiDb:276 - Save user favorites file C:\Users\Admin/.stm32cubeide/favorites.mcus.txt: 0 item(s)
2024-10-25 19:16:25,258 [INFO] ApiDb:280 - User favorites MCUs=[]
